[debug] [2024-10-13T20:06:32.165Z] ----------------------------------------------------------------------
[debug] [2024-10-13T20:06:32.166Z] Command:       /usr/local/bin/node /usr/local/bin/firebase init
[debug] [2024-10-13T20:06:32.166Z] CLI Version:   13.22.0
[debug] [2024-10-13T20:06:32.166Z] Platform:      darwin
[debug] [2024-10-13T20:06:32.166Z] Node Version:  v20.17.0
[debug] [2024-10-13T20:06:32.166Z] Time:          Sun Oct 13 2024 22:06:32 GMT+0200 (Mitteleuropäische Sommerzeit)
[debug] [2024-10-13T20:06:32.166Z] ----------------------------------------------------------------------
[debug] 
[debug] [2024-10-13T20:06:32.169Z] > command requires scopes: ["email","openid","https://www.googleapis.com/auth/cloudplatformprojects.readonly","https://www.googleapis.com/auth/firebase","https://www.googleapis.com/auth/cloud-platform"]
[debug] [2024-10-13T20:06:32.169Z] > authorizing via signed-in user (hej.kokolo@gmail.com)
[info] 
     ######## #### ########  ######## ########     ###     ######  ########
     ##        ##  ##     ## ##       ##     ##  ##   ##  ##       ##
     ######    ##  ########  ######   ########  #########  ######  ######
     ##        ##  ##    ##  ##       ##     ## ##     ##       ## ##
     ##       #### ##     ## ######## ########  ##     ##  ######  ########

You're about to initialize a Firebase project in this directory:

  /Users/kokolo/portfolio

[info] 
=== Project Setup
[info] 
[info] First, let's associate this project directory with a Firebase project.
[info] You can create multiple project aliases by running firebase use --add, 
[info] but for now we'll just set up a default project.
[info] 
[debug] [2024-10-13T20:07:04.665Z] Checked if tokens are valid: false, expires at: 1728163661423
[debug] [2024-10-13T20:07:04.665Z] Checked if tokens are valid: false, expires at: 1728163661423
[debug] [2024-10-13T20:07:04.666Z] > refreshing access token with scopes: []
[debug] [2024-10-13T20:07:04.668Z] >>> [apiv2][query] POST https://www.googleapis.com/oauth2/v3/token [none]
[debug] [2024-10-13T20:07:04.668Z] >>> [apiv2][body] POST https://www.googleapis.com/oauth2/v3/token [omitted]
[debug] [2024-10-13T20:07:04.836Z] <<< [apiv2][status] POST https://www.googleapis.com/oauth2/v3/token 200
[debug] [2024-10-13T20:07:04.837Z] <<< [apiv2][body] POST https://www.googleapis.com/oauth2/v3/token [omitted]
[debug] [2024-10-13T20:07:04.847Z] >>> [apiv2][query] GET https://firebase.googleapis.com/v1beta1/projects pageSize=100
[debug] [2024-10-13T20:07:05.326Z] <<< [apiv2][status] GET https://firebase.googleapis.com/v1beta1/projects 200
[debug] [2024-10-13T20:07:05.327Z] <<< [apiv2][body] GET https://firebase.googleapis.com/v1beta1/projects [omitted]
[info] i  Using project creativejourney-81217 (creativejourney) 
[info] 
=== Hosting Setup
[debug] [2024-10-13T20:07:09.322Z] Checked if tokens are valid: true, expires at: 1728853623837
[debug] [2024-10-13T20:07:09.322Z] Checked if tokens are valid: true, expires at: 1728853623837
[debug] [2024-10-13T20:07:09.323Z] >>> [apiv2][query] GET https://firebase.googleapis.com/v1beta1/projects/creativejourney-81217 [none]
[debug] [2024-10-13T20:07:09.624Z] <<< [apiv2][status] GET https://firebase.googleapis.com/v1beta1/projects/creativejourney-81217 200
[debug] [2024-10-13T20:07:09.625Z] <<< [apiv2][body] GET https://firebase.googleapis.com/v1beta1/projects/creativejourney-81217 {"projectId":"creativejourney-81217","projectNumber":"622953791816","displayName":"creativejourney","name":"projects/creativejourney-81217","resources":{"hostingSite":"creativejourney-81217"},"state":"ACTIVE","etag":"1_6bf458f7-20d8-4f4f-a80a-f1c9cf87f963"}
[info] 
[info] Your public directory is the folder (relative to your project directory) that
[info] will contain Hosting assets to be uploaded with firebase deploy. If you
[info] have a build process for your assets, use your build's output directory.
[info] 
